<?xml version="1.0" encoding="UTF-8"?>
<!-- Generated by org.testng.reporters.JUnitReportReporter -->
<testsuite skipped="0" hostname="DESKTOP-488FP15" name="qspA.DemoA" tests="1" failures="0" timestamp="27 Jul 2019 07:52:24 GMT" time="0.015" errors="0">
  <testcase name="testA" time="0.015" classname="qspA.DemoA"/>
</testsuite> <!-- qspA.DemoA -->
